<?xml version="1.0" encoding="UTF-8"?>
<testsuite name="com.amazon.ata.music.playlist.service.activity.AddSongToPlaylistActivityTest" tests="5" skipped="0" failures="0" errors="0" timestamp="2022-02-26T20:17:34" hostname="LAPTOP-0NRDJM4M" time="1.594">
  <properties/>
  <testcase name="handleRequest_noMatchingAlbumTrack_throwsAlbumTrackNotFoundException()" classname="com.amazon.ata.music.playlist.service.activity.AddSongToPlaylistActivityTest" time="1.529"/>
  <testcase name="handleRequest_validRequest_addsSongToEndOfPlaylist()" classname="com.amazon.ata.music.playlist.service.activity.AddSongToPlaylistActivityTest" time="0.047"/>
  <testcase name="handleRequest_noMatchingPlaylistId_throwsPlaylistNotFoundException()" classname="com.amazon.ata.music.playlist.service.activity.AddSongToPlaylistActivityTest" time="0.005"/>
  <testcase name="handleRequest_validRequestWithQueueNextFalse_addsSongToEndOfPlaylist()" classname="com.amazon.ata.music.playlist.service.activity.AddSongToPlaylistActivityTest" time="0.004"/>
  <testcase name="handleRequest_validRequestWithQueueNextTrue_addsSongToBeginningOfPlaylist()" classname="com.amazon.ata.music.playlist.service.activity.AddSongToPlaylistActivityTest" time="0.003"/>
  <system-out><![CDATA[]]></system-out>
  <system-err><![CDATA[]]></system-err>
</testsuite>
