<?xml version="1.0" encoding="UTF-8"?>
<testsuite name="com.amazon.ata.music.playlist.service.tct.MT1DesignClassDiagramIntrospectionTests" tests="30" skipped="0" failures="0" errors="0" timestamp="2022-02-26T20:17:36" hostname="LAPTOP-0NRDJM4M" time="0.295">
  <properties/>
  <testcase name="[1] Playlist, AlbumTrack" classname="com.amazon.ata.music.playlist.service.tct.MT1DesignClassDiagramIntrospectionTests" time="0.109"/>
  <testcase name="[2] AddSongToPlaylistActivity, AlbumTrackDao" classname="com.amazon.ata.music.playlist.service.tct.MT1DesignClassDiagramIntrospectionTests" time="0.015"/>
  <testcase name="[3] CreatePlaylistActivity, PlaylistDao" classname="com.amazon.ata.music.playlist.service.tct.MT1DesignClassDiagramIntrospectionTests" time="0.02"/>
  <testcase name="[4] AddSongToPlaylistActivity, PlaylistDao" classname="com.amazon.ata.music.playlist.service.tct.MT1DesignClassDiagramIntrospectionTests" time="0.015"/>
  <testcase name="[5] GetPlaylistActivity, PlaylistDao" classname="com.amazon.ata.music.playlist.service.tct.MT1DesignClassDiagramIntrospectionTests" time="0.018"/>
  <testcase name="[6] GetPlaylistSongsActivity, PlaylistDao" classname="com.amazon.ata.music.playlist.service.tct.MT1DesignClassDiagramIntrospectionTests" time="0.024"/>
  <testcase name="[7] UpdatePlaylistActivity, PlaylistDao" classname="com.amazon.ata.music.playlist.service.tct.MT1DesignClassDiagramIntrospectionTests" time="0.014"/>
  <testcase name="mt1Design_getClassDiagram_containsAlbumTrackFields()" classname="com.amazon.ata.music.playlist.service.tct.MT1DesignClassDiagramIntrospectionTests" time="0.002"/>
  <testcase name="mt1Design_getClassDiagram_nonEmptyFileExists()" classname="com.amazon.ata.music.playlist.service.tct.MT1DesignClassDiagramIntrospectionTests" time="0.002"/>
  <testcase name="[1] AddSongToPlaylist" classname="com.amazon.ata.music.playlist.service.tct.MT1DesignClassDiagramIntrospectionTests" time="0.003"/>
  <testcase name="[2] CreatePlaylist" classname="com.amazon.ata.music.playlist.service.tct.MT1DesignClassDiagramIntrospectionTests" time="0.002"/>
  <testcase name="[3] GetPlaylist" classname="com.amazon.ata.music.playlist.service.tct.MT1DesignClassDiagramIntrospectionTests" time="0.002"/>
  <testcase name="[4] GetPlaylistSongs" classname="com.amazon.ata.music.playlist.service.tct.MT1DesignClassDiagramIntrospectionTests" time="0.001"/>
  <testcase name="[5] UpdatePlaylist" classname="com.amazon.ata.music.playlist.service.tct.MT1DesignClassDiagramIntrospectionTests" time="0.001"/>
  <testcase name="mt1Design_getClassDiagram_playlistDaoContainsMethod()" classname="com.amazon.ata.music.playlist.service.tct.MT1DesignClassDiagramIntrospectionTests" time="0.001"/>
  <testcase name="[1] AlbumTrackDao" classname="com.amazon.ata.music.playlist.service.tct.MT1DesignClassDiagramIntrospectionTests" time="0.001"/>
  <testcase name="[2] PlaylistDao" classname="com.amazon.ata.music.playlist.service.tct.MT1DesignClassDiagramIntrospectionTests" time="0.001"/>
  <testcase name="[1] AddSongToPlaylistActivity" classname="com.amazon.ata.music.playlist.service.tct.MT1DesignClassDiagramIntrospectionTests" time="0.001"/>
  <testcase name="[2] CreatePlaylistActivity" classname="com.amazon.ata.music.playlist.service.tct.MT1DesignClassDiagramIntrospectionTests" time="0.001"/>
  <testcase name="[3] GetPlaylistActivity" classname="com.amazon.ata.music.playlist.service.tct.MT1DesignClassDiagramIntrospectionTests" time="0.001"/>
  <testcase name="[4] GetPlaylistSongsActivity" classname="com.amazon.ata.music.playlist.service.tct.MT1DesignClassDiagramIntrospectionTests" time="0.002"/>
  <testcase name="[5] UpdatePlaylistActivity" classname="com.amazon.ata.music.playlist.service.tct.MT1DesignClassDiagramIntrospectionTests" time="0.002"/>
  <testcase name="[6] AlbumTrack" classname="com.amazon.ata.music.playlist.service.tct.MT1DesignClassDiagramIntrospectionTests" time="0.002"/>
  <testcase name="[7] Playlist" classname="com.amazon.ata.music.playlist.service.tct.MT1DesignClassDiagramIntrospectionTests" time="0.003"/>
  <testcase name="[8] AlbumTrackDao" classname="com.amazon.ata.music.playlist.service.tct.MT1DesignClassDiagramIntrospectionTests" time="0.002"/>
  <testcase name="[9] PlaylistDao" classname="com.amazon.ata.music.playlist.service.tct.MT1DesignClassDiagramIntrospectionTests" time="0.002"/>
  <testcase name="[10] AlbumTrackNotFoundException" classname="com.amazon.ata.music.playlist.service.tct.MT1DesignClassDiagramIntrospectionTests" time="0.002"/>
  <testcase name="[11] InvalidAttributeValueException" classname="com.amazon.ata.music.playlist.service.tct.MT1DesignClassDiagramIntrospectionTests" time="0.001"/>
  <testcase name="[12] PlaylistNotFoundException" classname="com.amazon.ata.music.playlist.service.tct.MT1DesignClassDiagramIntrospectionTests" time="0.001"/>
  <testcase name="mt1Design_getClassDiagram_containsPlaylistFields()" classname="com.amazon.ata.music.playlist.service.tct.MT1DesignClassDiagramIntrospectionTests" time="0.002"/>
  <system-out><![CDATA[]]></system-out>
  <system-err><![CDATA[]]></system-err>
</testsuite>
