<?xml version="1.0" encoding="UTF-8"?>
<testsuite name="com.amazon.ata.music.playlist.service.activity.CreatePlaylistActivityTest" tests="4" skipped="0" failures="0" errors="0" timestamp="2021-12-20T21:59:36" hostname="Lambda-School-Jamies-MacBook-Pro.local" time="1.26">
  <properties/>
  <testcase name="handleRequest_invalidCustomerId_throwsInvalidAttributeValueException()" classname="com.amazon.ata.music.playlist.service.activity.CreatePlaylistActivityTest" time="1.19"/>
  <testcase name="handleRequest_invalidName_throwsInvalidAttributeValueException()" classname="com.amazon.ata.music.playlist.service.activity.CreatePlaylistActivityTest" time="0.002"/>
  <testcase name="handleRequest_withTags_createsAndSavesPlaylistWithTags()" classname="com.amazon.ata.music.playlist.service.activity.CreatePlaylistActivityTest" time="0.062"/>
  <testcase name="handleRequest_noTags_createsAndSavesPlaylistWithoutTags()" classname="com.amazon.ata.music.playlist.service.activity.CreatePlaylistActivityTest" time="0.003"/>
  <system-out><![CDATA[]]></system-out>
  <system-err><![CDATA[]]></system-err>
</testsuite>
