<?xml version="1.0" encoding="UTF-8"?>
<testsuite name="com.amazon.ata.music.playlist.service.activity.UpdatePlaylistActivityTest" tests="4" skipped="0" failures="0" errors="0" timestamp="2022-02-26T20:17:36" hostname="LAPTOP-0NRDJM4M" time="0.034">
  <properties/>
  <testcase name="handleRequest_customerIdNotMatch_throwsInvalidAttributeChangeException()" classname="com.amazon.ata.music.playlist.service.activity.UpdatePlaylistActivityTest" time="0.022"/>
  <testcase name="handleRequest_goodRequest_updatesPlaylistName()" classname="com.amazon.ata.music.playlist.service.activity.UpdatePlaylistActivityTest" time="0.004"/>
  <testcase name="handleRequest_invalidName_throwsInvalidAttributeValueException()" classname="com.amazon.ata.music.playlist.service.activity.UpdatePlaylistActivityTest" time="0.002"/>
  <testcase name="handleRequest_playlistDoesNotExist_throwsPlaylistNotFoundException()" classname="com.amazon.ata.music.playlist.service.activity.UpdatePlaylistActivityTest" time="0.003"/>
  <system-out><![CDATA[]]></system-out>
  <system-err><![CDATA[]]></system-err>
</testsuite>
